Generate 2000 x 3000 values and dump them to values.txt...
Load values from values.txt...
Compute maximum v1...
Compute maximum v2...
Max v1: x=695, y=2162, v1=1.000000
Max v2: x=274, y=2784, v2=0.999999
Free memory allocated for positions+values (2000 x 3000 entries)...
Free memory allocated for coordinates (2000 x 3000 entries)...
Load values from values.txt...
Compute maximum v1...
Compute maximum v2...
Max v1: x=695, y=2162, v1=1.000000
Max v2: x=274, y=2784, v2=0.999999
Free memory allocated for positions+values (2000 x 3000 entries)...
Free memory allocated for coordinates (2000 x 3000 entries)...
Load values from values.txt...
Compute maximum v1...
Compute maximum v2...
Max v1: x=695, y=2162, v1=1.000000
Max v2: x=274, y=2784, v2=0.999999
Free memory allocated for positions+values (2000 x 3000 entries)...
Free memory allocated for coordinates (2000 x 3000 entries)...
Load values from values.txt...
Compute maximum v1...
Compute maximum v2...
Max v1: x=695, y=2162, v1=1.000000
Max v2: x=274, y=2784, v2=0.999999
Free memory allocated for positions+values (2000 x 3000 entries)...
Free memory allocated for coordinates (2000 x 3000 entries)...
Load values from values.txt...
Compute maximum v1...
Compute maximum v2...
Max v1: x=695, y=2162, v1=1.000000
Max v2: x=274, y=2784, v2=0.999999
Free memory allocated for positions+values (2000 x 3000 entries)...
Free memory allocated for coordinates (2000 x 3000 entries)...
Load values from values.txt...
Compute maximum v1...
Compute maximum v2...
Max v1: x=695, y=2162, v1=1.000000
Max v2: x=274, y=2784, v2=0.999999
Free memory allocated for positions+values (2000 x 3000 entries)...
Free memory allocated for coordinates (2000 x 3000 entries)...
Load values from values.txt...
Compute maximum v1...
Compute maximum v2...
Max v1: x=695, y=2162, v1=1.000000
Max v2: x=274, y=2784, v2=0.999999
Free memory allocated for positions+values (2000 x 3000 entries)...
Free memory allocated for coordinates (2000 x 3000 entries)...
Load values from values.txt...
Compute maximum v1...
Compute maximum v2...
Max v1: x=695, y=2162, v1=1.000000
Max v2: x=274, y=2784, v2=0.999999
Free memory allocated for positions+values (2000 x 3000 entries)...
Free memory allocated for coordinates (2000 x 3000 entries)...
Load values from values.txt...
Compute maximum v1...
Compute maximum v2...
Max v1: x=695, y=2162, v1=1.000000
Max v2: x=274, y=2784, v2=0.999999
Free memory allocated for positions+values (2000 x 3000 entries)...
Free memory allocated for coordinates (2000 x 3000 entries)...
Load values from values.txt...
Compute maximum v1...
Compute maximum v2...
Max v1: x=695, y=2162, v1=1.000000
Max v2: x=274, y=2784, v2=0.999999
Free memory allocated for positions+values (2000 x 3000 entries)...
Free memory allocated for coordinates (2000 x 3000 entries)...

* Info: Dumping samples (host merry, process 33684)
* Info: Dumping source info for callchain nodes (host merry, process 33684)
* Info: Building/writing metadata (host merry)
* Info: Finished collect step (host merry, process 33684)

Your experiment path is /home/sofiane/AOC/tp-rendu/aoc-tp-2/opt3-single-ptr/tools/lprof_npsu_run_0

To display your profiling results:
######################################################################################################################################
#    LEVEL    |     REPORT     |                                               COMMAND                                               #
######################################################################################################################################
#  Functions  |  Cluster-wide  |  maqao lprof -df xp=/home/sofiane/AOC/tp-rendu/aoc-tp-2/opt3-single-ptr/tools/lprof_npsu_run_0      #
#  Functions  |  Per-node      |  maqao lprof -df -dn xp=/home/sofiane/AOC/tp-rendu/aoc-tp-2/opt3-single-ptr/tools/lprof_npsu_run_0  #
#  Functions  |  Per-process   |  maqao lprof -df -dp xp=/home/sofiane/AOC/tp-rendu/aoc-tp-2/opt3-single-ptr/tools/lprof_npsu_run_0  #
#  Functions  |  Per-thread    |  maqao lprof -df -dt xp=/home/sofiane/AOC/tp-rendu/aoc-tp-2/opt3-single-ptr/tools/lprof_npsu_run_0  #
#  Loops      |  Cluster-wide  |  maqao lprof -dl xp=/home/sofiane/AOC/tp-rendu/aoc-tp-2/opt3-single-ptr/tools/lprof_npsu_run_0      #
#  Loops      |  Per-node      |  maqao lprof -dl -dn xp=/home/sofiane/AOC/tp-rendu/aoc-tp-2/opt3-single-ptr/tools/lprof_npsu_run_0  #
#  Loops      |  Per-process   |  maqao lprof -dl -dp xp=/home/sofiane/AOC/tp-rendu/aoc-tp-2/opt3-single-ptr/tools/lprof_npsu_run_0  #
#  Loops      |  Per-thread    |  maqao lprof -dl -dt xp=/home/sofiane/AOC/tp-rendu/aoc-tp-2/opt3-single-ptr/tools/lprof_npsu_run_0  #
######################################################################################################################################

